Added Component: Designator=C1(cap 02)
Added Component: Designator=C2(Cap - 100nF)
Added Component: Designator=C3(cap 02)
Added Component: Designator=C4(Cap - 100nF - 2)
Added Component: Designator=C5(cap 02)
Added Component: Designator=C6(cap 02)
Added Component: Designator=C7(Cap - 100nF)
Added Component: Designator=C8(CAP 05)
Added Component: Designator=C9(cap 02)
Added Component: Designator=C10(Cap - 100nF - 2)
Added Component: Designator=C11(cap 02)
Added Component: Designator=C12(Cap - 100nF - 2)
Added Component: Designator=C13(cap 02)
Added Component: Designator=D1(Blue LED 5mm)
Added Component: Designator=D2(Blue LED 5mm)
Added Component: Designator=D3(D-46_6A)
Added Component: Designator=I4(HDR1X2)
Added Component: Designator=O1(HDR1X2)
Added Component: Designator=O2(HDR1X2)
Added Component: Designator=O5(HDR1X2)
Added Component: Designator=O12(HDR1X2)
Added Component: Designator=R1(Res-(1/4))
Added Component: Designator=R2(VOL_1)
Added Component: Designator=R3(Res-(1/4))
Added Component: Designator=R4(Res-(1/4))
Added Component: Designator=R5(VOL_1)
Added Component: Designator=R6(Res-(1/4))
Added Component: Designator=T1(HDR1X3)
Added Component: Designator=T2(HDR1X3)
Added Component: Designator=U1(TO220V)
Added Component: Designator=U2(TO220)
Added Component: Designator=U3(TO220V)
Added Component: Designator=U4(TO220)
Added Pin To Net: NetName=GND Pin=C1-2
Added Pin To Net: NetName=GND Pin=C2-2
Added Pin To Net: NetName=GND Pin=C3-2
Added Pin To Net: NetName=GND Pin=C4-2
Added Pin To Net: NetName=GND Pin=C5-2
Added Pin To Net: NetName=GND Pin=C6-2
Added Pin To Net: NetName=GND Pin=C7-2
Added Pin To Net: NetName=GND Pin=C8-2
Added Pin To Net: NetName=GND Pin=C9-2
Added Pin To Net: NetName=GND Pin=C10-2
Added Pin To Net: NetName=GND Pin=C11-2
Added Pin To Net: NetName=GND Pin=C12-2
Added Pin To Net: NetName=GND Pin=C13-2
Added Pin To Net: NetName=GND Pin=D1-2
Added Pin To Net: NetName=GND Pin=D2-2
Added Pin To Net: NetName=GND Pin=D3-3
Added Pin To Net: NetName=GND Pin=O1-2
Added Pin To Net: NetName=GND Pin=O2-2
Added Pin To Net: NetName=GND Pin=O5-2
Added Pin To Net: NetName=GND Pin=O12-2
Added Pin To Net: NetName=GND Pin=R2-3
Added Pin To Net: NetName=GND Pin=R5-3
Added Pin To Net: NetName=GND Pin=U1-2
Added Pin To Net: NetName=GND Pin=U3-2
Added Net: Name=GND
Added Pin To Net: NetName=NetC1_1 Pin=C1-1
Added Pin To Net: NetName=NetC1_1 Pin=C6-1
Added Pin To Net: NetName=NetC1_1 Pin=C8-1
Added Pin To Net: NetName=NetC1_1 Pin=C9-1
Added Pin To Net: NetName=NetC1_1 Pin=C10-1
Added Pin To Net: NetName=NetC1_1 Pin=D3-1
Added Pin To Net: NetName=NetC1_1 Pin=R4-2
Added Pin To Net: NetName=NetC1_1 Pin=R6-2
Added Pin To Net: NetName=NetC1_1 Pin=T1-3
Added Pin To Net: NetName=NetC1_1 Pin=T2-3
Added Pin To Net: NetName=NetC1_1 Pin=U1-1
Added Pin To Net: NetName=NetC1_1 Pin=U2-2
Added Pin To Net: NetName=NetC1_1 Pin=U3-1
Added Pin To Net: NetName=NetC1_1 Pin=U4-2
Added Net: Name=NetC1_1
Added Pin To Net: NetName=NetC2_1 Pin=C2-1
Added Pin To Net: NetName=NetC2_1 Pin=O12-1
Added Pin To Net: NetName=NetC2_1 Pin=U1-3
Added Net: Name=NetC2_1
Added Pin To Net: NetName=NetC3_1 Pin=C3-1
Added Pin To Net: NetName=NetC3_1 Pin=C4-1
Added Pin To Net: NetName=NetC3_1 Pin=R1-2
Added Pin To Net: NetName=NetC3_1 Pin=T2-1
Added Pin To Net: NetName=NetC3_1 Pin=U2-3
Added Net: Name=NetC3_1
Added Pin To Net: NetName=NetC5_1 Pin=C5-1
Added Pin To Net: NetName=NetC5_1 Pin=R1-1
Added Pin To Net: NetName=NetC5_1 Pin=R2-2
Added Net: Name=NetC5_1
Added Pin To Net: NetName=NetC7_1 Pin=C7-1
Added Pin To Net: NetName=NetC7_1 Pin=O5-1
Added Pin To Net: NetName=NetC7_1 Pin=U3-3
Added Net: Name=NetC7_1
Added Pin To Net: NetName=NetC11_1 Pin=C11-1
Added Pin To Net: NetName=NetC11_1 Pin=C12-1
Added Pin To Net: NetName=NetC11_1 Pin=R3-2
Added Pin To Net: NetName=NetC11_1 Pin=T1-1
Added Pin To Net: NetName=NetC11_1 Pin=U4-3
Added Net: Name=NetC11_1
Added Pin To Net: NetName=NetC13_1 Pin=C13-1
Added Pin To Net: NetName=NetC13_1 Pin=R3-1
Added Pin To Net: NetName=NetC13_1 Pin=R5-2
Added Net: Name=NetC13_1
Added Pin To Net: NetName=NetD1_1 Pin=D1-1
Added Pin To Net: NetName=NetD1_1 Pin=R4-1
Added Net: Name=NetD1_1
Added Pin To Net: NetName=NetD2_1 Pin=D2-1
Added Pin To Net: NetName=NetD2_1 Pin=R6-1
Added Net: Name=NetD2_1
Added Pin To Net: NetName=NetD3_2 Pin=D3-2
Added Pin To Net: NetName=NetD3_2 Pin=I4-1
Added Net: Name=NetD3_2
Added Pin To Net: NetName=NetD3_4 Pin=D3-4
Added Pin To Net: NetName=NetD3_4 Pin=I4-2
Added Net: Name=NetD3_4
Added Pin To Net: NetName=NetO1_1 Pin=O1-1
Added Pin To Net: NetName=NetO1_1 Pin=T1-2
Added Net: Name=NetO1_1
Added Pin To Net: NetName=NetO2_1 Pin=O2-1
Added Pin To Net: NetName=NetO2_1 Pin=T2-2
Added Net: Name=NetO2_1
Added Pin To Net: NetName=NetR2_1 Pin=R2-1
Added Pin To Net: NetName=NetR2_1 Pin=U2-1
Added Net: Name=NetR2_1
Added Pin To Net: NetName=NetR5_1 Pin=R5-1
Added Pin To Net: NetName=NetR5_1 Pin=U4-1
Added Net: Name=NetR5_1
Added Class: Name=P-S 0-30V 3A Line
Added Room: Name=P-S 0-30V 3A Line
